# JRE version: Java(TM) SE Runtime Environment (17.0.9+11) (build 17.0.9+11-LTS-201)
# Java VM: Java HotSpot(TM) 64-Bit Server VM (17.0.9+11-LTS-201, mixed mode, sharing, tiered, compressed oops, compressed class ptrs, g1 gc, windows-amd64)
GC Precious Log:
 CPUs: 8 total, 8 available
 Memory: 16301M
 Large Page Support: Disabled
 NUMA Support: Disabled
 Compressed Oops: Enabled (Zero based)
 Heap Region Size: 2M
 Heap Min Capacity: 8M
 Heap Initial Capacity: 256M
 Heap Max Capacity: 4076M
 Pre-touch: Disabled
 Parallel Workers: 8
 Concurrent Workers: 2
 Concurrent Refinement Workers: 8
 Periodic GC: Disabled
Heap:
 garbage-first heap   total 628736K, used 186213K [0x0000000701400000, 0x0000000800000000)
  region size 2048K, 4 young (8192K), 0 survivors (0K)
 Metaspace       used 7846K, committed 8192K, reserved 1114112K
  class space    used 809K, committed 960K, reserved 1048576K
GC Heap History (20 events):
Event: 9.945 GC heap before
{Heap before GC invocations=32 (full 0):
 garbage-first heap   total 1030144K, used 695703K [0x0000000701400000, 0x0000000800000000)
  region size 2048K, 301 young (616448K), 22 survivors (45056K)
 Metaspace       used 2706K, committed 2880K, reserved 1114112K
  class space    used 234K, committed 320K, reserved 1048576K
}
Event: 9.969 GC heap after
{Heap after GC invocations=33 (full 0):
 garbage-first heap   total 1157120K, used 135143K [0x0000000701400000, 0x0000000800000000)
  region size 2048K, 24 young (49152K), 24 survivors (49152K)
 Metaspace       used 2706K, committed 2880K, reserved 1114112K
  class space    used 234K, committed 320K, reserved 1048576K
}
Event: 10.652 GC heap before
{Heap before GC invocations=33 (full 0):
 garbage-first heap   total 1157120K, used 780263K [0x0000000701400000, 0x0000000800000000)
  region size 2048K, 339 young (694272K), 24 survivors (49152K)
 Metaspace       used 2706K, committed 2880K, reserved 1114112K
  class space    used 234K, committed 320K, reserved 1048576K
}
Event: 10.674 GC heap after
{Heap after GC invocations=34 (full 0):
 garbage-first heap   total 1157120K, used 141287K [0x0000000701400000, 0x0000000800000000)
  region size 2048K, 27 young (55296K), 27 survivors (55296K)
 Metaspace       used 2706K, committed 2880K, reserved 1114112K
  class space    used 234K, committed 320K, reserved 1048576K
}
Event: 11.213 GC heap before
{Heap before GC invocations=34 (full 0):
 garbage-first heap   total 1157120K, used 780263K [0x0000000701400000, 0x0000000800000000)
  region size 2048K, 339 young (694272K), 27 survivors (55296K)
 Metaspace       used 2706K, committed 2880K, reserved 1114112K
  class space    used 234K, committed 320K, reserved 1048576K
}
Event: 11.243 GC heap after
{Heap after GC invocations=35 (full 0):
 garbage-first heap   total 1157120K, used 150265K [0x0000000701400000, 0x0000000800000000)
  region size 2048K, 25 young (51200K), 25 survivors (51200K)
 Metaspace       used 2706K, committed 2880K, reserved 1114112K
  class space    used 234K, committed 320K, reserved 1048576K
}
Event: 11.740 GC heap before
{Heap before GC invocations=35 (full 0):
 garbage-first heap   total 1157120K, used 793337K [0x0000000701400000, 0x0000000800000000)
  region size 2048K, 339 young (694272K), 25 survivors (51200K)
 Metaspace       used 2706K, committed 2880K, reserved 1114112K
  class space    used 234K, committed 320K, reserved 1048576K
}
Event: 11.763 GC heap after
{Heap after GC invocations=36 (full 0):
 garbage-first heap   total 1157120K, used 160248K [0x0000000701400000, 0x0000000800000000)
  region size 2048K, 26 young (53248K), 26 survivors (53248K)
 Metaspace       used 2706K, committed 2880K, reserved 1114112K
  class space    used 234K, committed 320K, reserved 1048576K
}
Event: 12.217 GC heap before
{Heap before GC invocations=36 (full 0):
 garbage-first heap   total 1157120K, used 801272K [0x0000000701400000, 0x0000000800000000)
  region size 2048K, 339 young (694272K), 26 survivors (53248K)
 Metaspace       used 2706K, committed 2880K, reserved 1114112K
  class space    used 234K, committed 320K, reserved 1048576K
}
Event: 12.242 GC heap after
{Heap after GC invocations=37 (full 0):
 garbage-first heap   total 1157120K, used 170179K [0x0000000701400000, 0x0000000800000000)
  region size 2048K, 27 young (55296K), 27 survivors (55296K)
 Metaspace       used 2706K, committed 2880K, reserved 1114112K
  class space    used 234K, committed 320K, reserved 1048576K
}
Event: 12.737 GC heap before
{Heap before GC invocations=37 (full 0):
 garbage-first heap   total 1157120K, used 809155K [0x0000000701400000, 0x0000000800000000)
  region size 2048K, 339 young (694272K), 27 survivors (55296K)
 Metaspace       used 2706K, committed 2880K, reserved 1114112K
  class space    used 234K, committed 320K, reserved 1048576K
}
Event: 12.762 GC heap after
{Heap after GC invocations=38 (full 0):
 garbage-first heap   total 1277952K, used 177112K [0x0000000701400000, 0x0000000800000000)
  region size 2048K, 27 young (55296K), 27 survivors (55296K)
 Metaspace       used 2706K, committed 2880K, reserved 1114112K
  class space    used 234K, committed 320K, reserved 1048576K
}
Event: 13.357 GC heap before
{Heap before GC invocations=38 (full 0):
 garbage-first heap   total 1277952K, used 887768K [0x0000000701400000, 0x0000000800000000)
  region size 2048K, 374 young (765952K), 27 survivors (55296K)
 Metaspace       used 2706K, committed 2880K, reserved 1114112K
  class space    used 234K, committed 320K, reserved 1048576K
}
Event: 13.383 GC heap after
{Heap after GC invocations=39 (full 0):
 garbage-first heap   total 1277952K, used 190401K [0x0000000701400000, 0x0000000800000000)
  region size 2048K, 29 young (59392K), 29 survivors (59392K)
 Metaspace       used 2706K, committed 2880K, reserved 1114112K
  class space    used 234K, committed 320K, reserved 1048576K
}
Event: 13.890 GC heap before
{Heap before GC invocations=39 (full 0):
 garbage-first heap   total 1277952K, used 896961K [0x0000000701400000, 0x0000000800000000)
  region size 2048K, 374 young (765952K), 29 survivors (59392K)
 Metaspace       used 2706K, committed 2880K, reserved 1114112K
  class space    used 234K, committed 320K, reserved 1048576K
}
Event: 13.917 GC heap after
{Heap after GC invocations=40 (full 0):
 garbage-first heap   total 1277952K, used 198363K [0x0000000701400000, 0x0000000800000000)
  region size 2048K, 29 young (59392K), 29 survivors (59392K)
 Metaspace       used 2706K, committed 2880K, reserved 1114112K
  class space    used 234K, committed 320K, reserved 1048576K
}
Event: 14.414 GC heap before
{Heap before GC invocations=40 (full 0):
 garbage-first heap   total 1277952K, used 904923K [0x0000000701400000, 0x0000000800000000)
  region size 2048K, 374 young (765952K), 29 survivors (59392K)
 Metaspace       used 2706K, committed 2880K, reserved 1114112K
  class space    used 234K, committed 320K, reserved 1048576K
}
Event: 14.441 GC heap after
{Heap after GC invocations=41 (full 0):
 garbage-first heap   total 1277952K, used 208662K [0x0000000701400000, 0x0000000800000000)
  region size 2048K, 29 young (59392K), 29 survivors (59392K)
 Metaspace       used 2706K, committed 2880K, reserved 1114112K
  class space    used 234K, committed 320K, reserved 1048576K
}
Event: 414.876 GC heap before
{Heap before GC invocations=41 (full 0):
 garbage-first heap   total 1277952K, used 798486K [0x0000000701400000, 0x0000000800000000)
  region size 2048K, 318 young (651264K), 29 survivors (59392K)
 Metaspace       used 7715K, committed 7936K, reserved 1114112K
  class space    used 790K, committed 896K, reserved 1048576K
}
Event: 416.960 GC heap after
{Heap after GC invocations=42 (full 1):
 garbage-first heap   total 628736K, used 180069K [0x0000000701400000, 0x0000000800000000)
  region size 2048K, 0 young (0K), 0 survivors (0K)
 Metaspace       used 7715K, committed 7936K, reserved 1114112K
  class space    used 790K, committed 896K, reserved 1048576K
}

